[2019-03-12 16:29:04] main.INFO: Выбор корпуса {"comp_case":null} []
[2019-03-12 16:29:04] main.INFO: Стоимость корпуса {"cost_case":null} []
[2019-03-12 16:29:04] main.INFO: Выбор материнской платы {"motherboard":null} []
[2019-03-12 16:29:04] main.INFO: Стоимость материнской платы {"cost_mb":null} []
[2019-03-12 16:29:04] main.INFO: Выбор процессора {"cpu":null} []
[2019-03-12 16:29:04] main.INFO: Стоимость процессора {"cost_cpu":null} []
[2019-03-12 16:29:04] main.INFO: Выбор оперативной памяти {"ram":null} []
[2019-03-12 16:29:04] main.INFO: Стоимость оперативной памяти {"cost_ram":null} []
[2019-03-12 16:29:04] main.INFO: Выбор жесткого диска {"hdd":null} []
[2019-03-12 16:29:04] main.INFO: Стоимость жесткого диска {"cost_hdd":null} []
[2019-03-12 16:29:04] main.INFO: Вычисление общей стоимости {"sum":null} []
[2019-03-12 16:29:11] main.INFO: Выбор корпуса {"comp_case":null} []
[2019-03-12 16:29:11] main.INFO: Стоимость корпуса {"cost_case":null} []
[2019-03-12 16:29:11] main.INFO: Выбор материнской платы {"motherboard":null} []
[2019-03-12 16:29:11] main.INFO: Стоимость материнской платы {"cost_mb":null} []
[2019-03-12 16:29:11] main.INFO: Выбор процессора {"cpu":null} []
[2019-03-12 16:29:11] main.INFO: Стоимость процессора {"cost_cpu":null} []
[2019-03-12 16:29:11] main.INFO: Выбор оперативной памяти {"ram":null} []
[2019-03-12 16:29:11] main.INFO: Стоимость оперативной памяти {"cost_ram":null} []
[2019-03-12 16:29:11] main.INFO: Выбор жесткого диска {"hdd":null} []
[2019-03-12 16:29:11] main.INFO: Стоимость жесткого диска {"cost_hdd":null} []
[2019-03-12 16:29:11] main.INFO: Вычисление общей стоимости {"sum":null} []
[2019-03-12 16:30:47] main.INFO: Выбор корпуса {"comp_case":null} []
[2019-03-12 16:30:47] main.INFO: Стоимость корпуса {"cost_case":null} []
[2019-03-12 16:30:47] main.INFO: Выбор материнской платы {"motherboard":null} []
[2019-03-12 16:30:47] main.INFO: Стоимость материнской платы {"cost_mb":null} []
[2019-03-12 16:30:47] main.INFO: Выбор процессора {"cpu":null} []
[2019-03-12 16:30:47] main.INFO: Стоимость процессора {"cost_cpu":null} []
[2019-03-12 16:30:47] main.INFO: Выбор оперативной памяти {"ram":null} []
[2019-03-12 16:30:47] main.INFO: Стоимость оперативной памяти {"cost_ram":null} []
[2019-03-12 16:30:47] main.INFO: Выбор жесткого диска {"hdd":null} []
[2019-03-12 16:30:47] main.INFO: Стоимость жесткого диска {"cost_hdd":null} []
[2019-03-12 16:30:47] main.INFO: Вычисление общей стоимости {"sum":null} []
[2019-03-12 16:30:54] main.INFO: Выбор корпуса {"comp_case":null} []
[2019-03-12 16:30:54] main.INFO: Стоимость корпуса {"cost_case":null} []
[2019-03-12 16:30:54] main.INFO: Выбор материнской платы {"motherboard":null} []
[2019-03-12 16:30:54] main.INFO: Стоимость материнской платы {"cost_mb":null} []
[2019-03-12 16:30:54] main.INFO: Выбор процессора {"cpu":null} []
[2019-03-12 16:30:54] main.INFO: Стоимость процессора {"cost_cpu":null} []
[2019-03-12 16:30:54] main.INFO: Выбор оперативной памяти {"ram":null} []
[2019-03-12 16:30:54] main.INFO: Стоимость оперативной памяти {"cost_ram":null} []
[2019-03-12 16:30:54] main.INFO: Выбор жесткого диска {"hdd":null} []
[2019-03-12 16:30:54] main.INFO: Стоимость жесткого диска {"cost_hdd":null} []
[2019-03-12 16:30:54] main.INFO: Вычисление общей стоимости {"sum":null} []
[2019-03-12 16:38:22] main.INFO: Выбор корпуса {"comp_case":null} []
[2019-03-12 16:38:22] main.INFO: Стоимость корпуса {"cost_case":null} []
[2019-03-12 16:38:22] main.INFO: Выбор материнской платы {"motherboard":null} []
[2019-03-12 16:38:22] main.INFO: Стоимость материнской платы {"cost_mb":null} []
[2019-03-12 16:38:22] main.INFO: Выбор процессора {"cpu":null} []
[2019-03-12 16:38:22] main.INFO: Стоимость процессора {"cost_cpu":null} []
[2019-03-12 16:38:22] main.INFO: Выбор оперативной памяти {"ram":null} []
[2019-03-12 16:38:22] main.INFO: Стоимость оперативной памяти {"cost_ram":null} []
[2019-03-12 16:38:22] main.INFO: Выбор жесткого диска {"hdd":null} []
[2019-03-12 16:38:22] main.INFO: Стоимость жесткого диска {"cost_hdd":null} []
[2019-03-12 16:38:22] main.INFO: Вычисление общей стоимости {"sum":null} []
[2019-03-12 16:38:26] main.INFO: Выбор корпуса {"comp_case":null} []
[2019-03-12 16:38:26] main.INFO: Стоимость корпуса {"cost_case":null} []
[2019-03-12 16:38:26] main.INFO: Выбор материнской платы {"motherboard":null} []
[2019-03-12 16:38:26] main.INFO: Стоимость материнской платы {"cost_mb":null} []
[2019-03-12 16:38:26] main.INFO: Выбор процессора {"cpu":null} []
[2019-03-12 16:38:26] main.INFO: Стоимость процессора {"cost_cpu":null} []
[2019-03-12 16:38:26] main.INFO: Выбор оперативной памяти {"ram":null} []
[2019-03-12 16:38:26] main.INFO: Стоимость оперативной памяти {"cost_ram":null} []
[2019-03-12 16:38:26] main.INFO: Выбор жесткого диска {"hdd":null} []
[2019-03-12 16:38:26] main.INFO: Стоимость жесткого диска {"cost_hdd":null} []
[2019-03-12 16:38:26] main.INFO: Вычисление общей стоимости {"sum":null} []
[2019-03-12 16:41:20] main.INFO: Выбор корпуса {"comp_case":null} []
[2019-03-12 16:41:20] main.INFO: Стоимость корпуса {"cost_case":null} []
[2019-03-12 16:41:20] main.INFO: Выбор материнской платы {"motherboard":null} []
[2019-03-12 16:41:20] main.INFO: Стоимость материнской платы {"cost_mb":null} []
[2019-03-12 16:41:20] main.INFO: Выбор процессора {"cpu":null} []
[2019-03-12 16:41:20] main.INFO: Стоимость процессора {"cost_cpu":null} []
[2019-03-12 16:41:20] main.INFO: Выбор оперативной памяти {"ram":null} []
[2019-03-12 16:41:20] main.INFO: Стоимость оперативной памяти {"cost_ram":null} []
[2019-03-12 16:41:20] main.INFO: Выбор жесткого диска {"hdd":null} []
[2019-03-12 16:41:20] main.INFO: Стоимость жесткого диска {"cost_hdd":null} []
[2019-03-12 16:41:20] main.INFO: Вычисление общей стоимости {"sum":null} []
[2019-03-12 16:41:24] main.INFO: Выбор корпуса {"comp_case":null} []
[2019-03-12 16:41:24] main.INFO: Стоимость корпуса {"cost_case":null} []
[2019-03-12 16:41:24] main.INFO: Выбор материнской платы {"motherboard":null} []
[2019-03-12 16:41:24] main.INFO: Стоимость материнской платы {"cost_mb":null} []
[2019-03-12 16:41:24] main.INFO: Выбор процессора {"cpu":null} []
[2019-03-12 16:41:24] main.INFO: Стоимость процессора {"cost_cpu":null} []
[2019-03-12 16:41:24] main.INFO: Выбор оперативной памяти {"ram":null} []
[2019-03-12 16:41:24] main.INFO: Стоимость оперативной памяти {"cost_ram":null} []
[2019-03-12 16:41:24] main.INFO: Выбор жесткого диска {"hdd":null} []
[2019-03-12 16:41:24] main.INFO: Стоимость жесткого диска {"cost_hdd":null} []
[2019-03-12 16:41:24] main.INFO: Вычисление общей стоимости {"sum":null} []
[2019-03-13 10:22:05] main.INFO: Выбор корпуса {"comp_case":null} []
[2019-03-13 10:22:05] main.INFO: Стоимость корпуса {"cost_case":null} []
[2019-03-13 10:22:05] main.INFO: Выбор материнской платы {"motherboard":null} []
[2019-03-13 10:22:05] main.INFO: Стоимость материнской платы {"cost_mb":null} []
[2019-03-13 10:22:05] main.INFO: Выбор процессора {"cpu":null} []
[2019-03-13 10:22:05] main.INFO: Стоимость процессора {"cost_cpu":null} []
[2019-03-13 10:22:05] main.INFO: Выбор оперативной памяти {"ram":null} []
[2019-03-13 10:22:05] main.INFO: Стоимость оперативной памяти {"cost_ram":null} []
[2019-03-13 10:22:05] main.INFO: Выбор жесткого диска {"hdd":null} []
[2019-03-13 10:22:05] main.INFO: Стоимость жесткого диска {"cost_hdd":null} []
[2019-03-13 10:22:05] main.INFO: Вычисление общей стоимости {"sum":null} []
[2019-03-13 10:22:12] main.INFO: Выбор корпуса {"comp_case":null} []
[2019-03-13 10:22:12] main.INFO: Стоимость корпуса {"cost_case":null} []
[2019-03-13 10:22:12] main.INFO: Выбор материнской платы {"motherboard":null} []
[2019-03-13 10:22:12] main.INFO: Стоимость материнской платы {"cost_mb":null} []
[2019-03-13 10:22:12] main.INFO: Выбор процессора {"cpu":null} []
[2019-03-13 10:22:12] main.INFO: Стоимость процессора {"cost_cpu":null} []
[2019-03-13 10:22:12] main.INFO: Выбор оперативной памяти {"ram":null} []
[2019-03-13 10:22:12] main.INFO: Стоимость оперативной памяти {"cost_ram":null} []
[2019-03-13 10:22:12] main.INFO: Выбор жесткого диска {"hdd":null} []
[2019-03-13 10:22:12] main.INFO: Стоимость жесткого диска {"cost_hdd":null} []
[2019-03-13 10:22:12] main.INFO: Вычисление общей стоимости {"sum":null} []
[2019-03-13 10:54:07] main.INFO: Выбор корпуса {"comp_case":null} []
[2019-03-13 10:54:07] main.INFO: Стоимость корпуса {"cost_case":null} []
[2019-03-13 10:54:07] main.INFO: Выбор материнской платы {"motherboard":null} []
[2019-03-13 10:54:07] main.INFO: Стоимость материнской платы {"cost_mb":null} []
[2019-03-13 10:54:07] main.INFO: Выбор процессора {"cpu":null} []
[2019-03-13 10:54:07] main.INFO: Стоимость процессора {"cost_cpu":null} []
[2019-03-13 10:54:07] main.INFO: Выбор оперативной памяти {"ram":null} []
[2019-03-13 10:54:07] main.INFO: Стоимость оперативной памяти {"cost_ram":null} []
[2019-03-13 10:54:07] main.INFO: Выбор жесткого диска {"hdd":null} []
[2019-03-13 10:54:07] main.INFO: Стоимость жесткого диска {"cost_hdd":null} []
[2019-03-13 10:54:07] main.INFO: Вычисление общей стоимости {"sum":null} []
[2019-03-13 15:51:54] main.INFO: Выбор корпуса {"comp_case":null} []
[2019-03-13 15:51:54] main.INFO: Стоимость корпуса {"cost_case":null} []
[2019-03-13 15:51:54] main.INFO: Выбор материнской платы {"motherboard":null} []
[2019-03-13 15:51:54] main.INFO: Стоимость материнской платы {"cost_mb":null} []
[2019-03-13 15:51:54] main.INFO: Выбор процессора {"cpu":null} []
[2019-03-13 15:51:54] main.INFO: Стоимость процессора {"cost_cpu":null} []
[2019-03-13 15:51:54] main.INFO: Выбор оперативной памяти {"ram":null} []
[2019-03-13 15:51:54] main.INFO: Стоимость оперативной памяти {"cost_ram":null} []
[2019-03-13 15:51:54] main.INFO: Выбор жесткого диска {"hdd":null} []
[2019-03-13 15:51:54] main.INFO: Стоимость жесткого диска {"cost_hdd":null} []
[2019-03-13 15:51:54] main.INFO: Вычисление общей стоимости {"sum":null} []
[2019-03-13 15:52:02] main.INFO: Выбор корпуса {"comp_case":null} []
[2019-03-13 15:52:02] main.INFO: Стоимость корпуса {"cost_case":null} []
[2019-03-13 15:52:02] main.INFO: Выбор материнской платы {"motherboard":null} []
[2019-03-13 15:52:02] main.INFO: Стоимость материнской платы {"cost_mb":null} []
[2019-03-13 15:52:02] main.INFO: Выбор процессора {"cpu":null} []
[2019-03-13 15:52:02] main.INFO: Стоимость процессора {"cost_cpu":null} []
[2019-03-13 15:52:02] main.INFO: Выбор оперативной памяти {"ram":null} []
[2019-03-13 15:52:02] main.INFO: Стоимость оперативной памяти {"cost_ram":null} []
[2019-03-13 15:52:02] main.INFO: Выбор жесткого диска {"hdd":null} []
[2019-03-13 15:52:02] main.INFO: Стоимость жесткого диска {"cost_hdd":null} []
[2019-03-13 15:52:02] main.INFO: Вычисление общей стоимости {"sum":null} []
[2019-03-13 16:32:13] main.INFO: Выбор корпуса {"comp_case":null} []
[2019-03-13 16:32:13] main.INFO: Стоимость корпуса {"cost_case":null} []
[2019-03-13 16:32:13] main.INFO: Выбор материнской платы {"motherboard":null} []
[2019-03-13 16:32:13] main.INFO: Стоимость материнской платы {"cost_mb":null} []
[2019-03-13 16:32:13] main.INFO: Выбор процессора {"cpu":null} []
[2019-03-13 16:32:13] main.INFO: Стоимость процессора {"cost_cpu":null} []
[2019-03-13 16:32:13] main.INFO: Выбор оперативной памяти {"ram":null} []
[2019-03-13 16:32:13] main.INFO: Стоимость оперативной памяти {"cost_ram":null} []
[2019-03-13 16:32:13] main.INFO: Выбор жесткого диска {"hdd":null} []
[2019-03-13 16:32:13] main.INFO: Стоимость жесткого диска {"cost_hdd":null} []
[2019-03-13 16:32:13] main.INFO: Вычисление общей стоимости {"sum":null} []
[2019-03-13 16:32:18] main.INFO: Выбор корпуса {"comp_case":null} []
[2019-03-13 16:32:18] main.INFO: Стоимость корпуса {"cost_case":null} []
[2019-03-13 16:32:18] main.INFO: Выбор материнской платы {"motherboard":null} []
[2019-03-13 16:32:18] main.INFO: Стоимость материнской платы {"cost_mb":null} []
[2019-03-13 16:32:18] main.INFO: Выбор процессора {"cpu":null} []
[2019-03-13 16:32:18] main.INFO: Стоимость процессора {"cost_cpu":null} []
[2019-03-13 16:32:18] main.INFO: Выбор оперативной памяти {"ram":null} []
[2019-03-13 16:32:18] main.INFO: Стоимость оперативной памяти {"cost_ram":null} []
[2019-03-13 16:32:18] main.INFO: Выбор жесткого диска {"hdd":null} []
[2019-03-13 16:32:18] main.INFO: Стоимость жесткого диска {"cost_hdd":null} []
[2019-03-13 16:32:18] main.INFO: Вычисление общей стоимости {"sum":null} []
[2019-03-13 16:32:20] main.INFO: Выбор корпуса {"comp_case":null} []
[2019-03-13 16:32:20] main.INFO: Стоимость корпуса {"cost_case":null} []
[2019-03-13 16:32:20] main.INFO: Выбор материнской платы {"motherboard":null} []
[2019-03-13 16:32:20] main.INFO: Стоимость материнской платы {"cost_mb":null} []
[2019-03-13 16:32:20] main.INFO: Выбор процессора {"cpu":null} []
[2019-03-13 16:32:20] main.INFO: Стоимость процессора {"cost_cpu":null} []
[2019-03-13 16:32:20] main.INFO: Выбор оперативной памяти {"ram":null} []
[2019-03-13 16:32:20] main.INFO: Стоимость оперативной памяти {"cost_ram":null} []
[2019-03-13 16:32:20] main.INFO: Выбор жесткого диска {"hdd":null} []
[2019-03-13 16:32:20] main.INFO: Стоимость жесткого диска {"cost_hdd":null} []
[2019-03-13 16:32:20] main.INFO: Вычисление общей стоимости {"sum":null} []
[2019-03-13 16:32:38] main.INFO: Выбор корпуса {"comp_case":null} []
[2019-03-13 16:32:38] main.INFO: Стоимость корпуса {"cost_case":null} []
[2019-03-13 16:32:38] main.INFO: Выбор материнской платы {"motherboard":null} []
[2019-03-13 16:32:38] main.INFO: Стоимость материнской платы {"cost_mb":null} []
[2019-03-13 16:32:38] main.INFO: Выбор процессора {"cpu":null} []
[2019-03-13 16:32:38] main.INFO: Стоимость процессора {"cost_cpu":null} []
[2019-03-13 16:32:38] main.INFO: Выбор оперативной памяти {"ram":null} []
[2019-03-13 16:32:38] main.INFO: Стоимость оперативной памяти {"cost_ram":null} []
[2019-03-13 16:32:38] main.INFO: Выбор жесткого диска {"hdd":null} []
[2019-03-13 16:32:38] main.INFO: Стоимость жесткого диска {"cost_hdd":null} []
[2019-03-13 16:32:38] main.INFO: Вычисление общей стоимости {"sum":null} []
[2019-03-13 16:32:47] main.INFO: Выбор корпуса {"comp_case":null} []
[2019-03-13 16:32:47] main.INFO: Стоимость корпуса {"cost_case":null} []
[2019-03-13 16:32:47] main.INFO: Выбор материнской платы {"motherboard":null} []
[2019-03-13 16:32:47] main.INFO: Стоимость материнской платы {"cost_mb":null} []
[2019-03-13 16:32:47] main.INFO: Выбор процессора {"cpu":null} []
[2019-03-13 16:32:47] main.INFO: Стоимость процессора {"cost_cpu":null} []
[2019-03-13 16:32:47] main.INFO: Выбор оперативной памяти {"ram":null} []
[2019-03-13 16:32:47] main.INFO: Стоимость оперативной памяти {"cost_ram":null} []
[2019-03-13 16:32:47] main.INFO: Выбор жесткого диска {"hdd":null} []
[2019-03-13 16:32:47] main.INFO: Стоимость жесткого диска {"cost_hdd":null} []
[2019-03-13 16:32:47] main.INFO: Вычисление общей стоимости {"sum":null} []
[2019-03-14 11:46:48] main.INFO: Выбор корпуса {"comp_case":null} []
[2019-03-14 11:46:48] main.INFO: Стоимость корпуса {"cost_case":null} []
[2019-03-14 11:46:48] main.INFO: Выбор материнской платы {"motherboard":null} []
[2019-03-14 11:46:48] main.INFO: Стоимость материнской платы {"cost_mb":null} []
[2019-03-14 11:46:48] main.INFO: Выбор процессора {"cpu":null} []
[2019-03-14 11:46:48] main.INFO: Стоимость процессора {"cost_cpu":null} []
[2019-03-14 11:46:48] main.INFO: Выбор оперативной памяти {"ram":null} []
[2019-03-14 11:46:48] main.INFO: Стоимость оперативной памяти {"cost_ram":null} []
[2019-03-14 11:46:48] main.INFO: Выбор жесткого диска {"hdd":null} []
[2019-03-14 11:46:48] main.INFO: Стоимость жесткого диска {"cost_hdd":null} []
[2019-03-14 11:46:48] main.INFO: Вычисление общей стоимости {"sum":null} []
[2019-03-14 11:49:31] main.INFO: Выбор корпуса {"comp_case":null} []
[2019-03-14 11:49:31] main.INFO: Стоимость корпуса {"cost_case":null} []
[2019-03-14 11:49:31] main.INFO: Выбор материнской платы {"motherboard":null} []
[2019-03-14 11:49:31] main.INFO: Стоимость материнской платы {"cost_mb":null} []
[2019-03-14 11:49:31] main.INFO: Выбор процессора {"cpu":null} []
[2019-03-14 11:49:31] main.INFO: Стоимость процессора {"cost_cpu":null} []
[2019-03-14 11:49:31] main.INFO: Выбор оперативной памяти {"ram":null} []
[2019-03-14 11:49:31] main.INFO: Стоимость оперативной памяти {"cost_ram":null} []
[2019-03-14 11:49:31] main.INFO: Выбор жесткого диска {"hdd":null} []
[2019-03-14 11:49:31] main.INFO: Стоимость жесткого диска {"cost_hdd":null} []
[2019-03-14 11:49:31] main.INFO: Вычисление общей стоимости {"sum":null} []
[2019-03-14 11:51:28] main.INFO: Выбор корпуса {"comp_case":null} []
[2019-03-14 11:51:28] main.INFO: Стоимость корпуса {"cost_case":null} []
[2019-03-14 11:51:28] main.INFO: Выбор материнской платы {"motherboard":null} []
[2019-03-14 11:51:28] main.INFO: Стоимость материнской платы {"cost_mb":null} []
[2019-03-14 11:51:28] main.INFO: Выбор процессора {"cpu":null} []
[2019-03-14 11:51:28] main.INFO: Стоимость процессора {"cost_cpu":null} []
[2019-03-14 11:51:28] main.INFO: Выбор оперативной памяти {"ram":null} []
[2019-03-14 11:51:28] main.INFO: Стоимость оперативной памяти {"cost_ram":null} []
[2019-03-14 11:51:28] main.INFO: Выбор жесткого диска {"hdd":null} []
[2019-03-14 11:51:28] main.INFO: Стоимость жесткого диска {"cost_hdd":null} []
[2019-03-14 11:51:28] main.INFO: Вычисление общей стоимости {"sum":null} []
[2019-03-14 11:57:46] main.INFO: Выбор корпуса {"comp_case":null} []
[2019-03-14 11:57:46] main.INFO: Стоимость корпуса {"cost_case":null} []
[2019-03-14 11:57:46] main.INFO: Выбор материнской платы {"motherboard":null} []
[2019-03-14 11:57:46] main.INFO: Стоимость материнской платы {"cost_mb":null} []
[2019-03-14 11:57:46] main.INFO: Выбор процессора {"cpu":null} []
[2019-03-14 11:57:46] main.INFO: Стоимость процессора {"cost_cpu":null} []
[2019-03-14 11:57:46] main.INFO: Выбор оперативной памяти {"ram":null} []
[2019-03-14 11:57:46] main.INFO: Стоимость оперативной памяти {"cost_ram":null} []
[2019-03-14 11:57:46] main.INFO: Выбор жесткого диска {"hdd":null} []
[2019-03-14 11:57:46] main.INFO: Стоимость жесткого диска {"cost_hdd":null} []
[2019-03-14 11:57:46] main.INFO: Вычисление общей стоимости {"sum":null} []
[2019-03-14 11:59:23] main.INFO: Выбор корпуса {"comp_case":null} []
[2019-03-14 11:59:23] main.INFO: Стоимость корпуса {"cost_case":null} []
[2019-03-14 11:59:23] main.INFO: Выбор материнской платы {"motherboard":null} []
[2019-03-14 11:59:23] main.INFO: Стоимость материнской платы {"cost_mb":null} []
[2019-03-14 11:59:23] main.INFO: Выбор процессора {"cpu":null} []
[2019-03-14 11:59:23] main.INFO: Стоимость процессора {"cost_cpu":null} []
[2019-03-14 11:59:23] main.INFO: Выбор оперативной памяти {"ram":null} []
[2019-03-14 11:59:23] main.INFO: Стоимость оперативной памяти {"cost_ram":null} []
[2019-03-14 11:59:23] main.INFO: Выбор жесткого диска {"hdd":null} []
[2019-03-14 11:59:23] main.INFO: Стоимость жесткого диска {"cost_hdd":null} []
[2019-03-14 11:59:23] main.INFO: Вычисление общей стоимости {"sum":null} []
[2019-03-14 11:59:49] main.INFO: Выбор корпуса {"comp_case":null} []
[2019-03-14 11:59:49] main.INFO: Стоимость корпуса {"cost_case":null} []
[2019-03-14 11:59:49] main.INFO: Выбор материнской платы {"motherboard":null} []
[2019-03-14 11:59:49] main.INFO: Стоимость материнской платы {"cost_mb":null} []
[2019-03-14 11:59:49] main.INFO: Выбор процессора {"cpu":null} []
[2019-03-14 11:59:49] main.INFO: Стоимость процессора {"cost_cpu":null} []
[2019-03-14 11:59:49] main.INFO: Выбор оперативной памяти {"ram":null} []
[2019-03-14 11:59:49] main.INFO: Стоимость оперативной памяти {"cost_ram":null} []
[2019-03-14 11:59:49] main.INFO: Выбор жесткого диска {"hdd":null} []
[2019-03-14 11:59:49] main.INFO: Стоимость жесткого диска {"cost_hdd":null} []
[2019-03-14 11:59:49] main.INFO: Вычисление общей стоимости {"sum":null} []
[2019-03-14 12:01:44] main.INFO: Выбор корпуса {"comp_case":null} []
[2019-03-14 12:01:44] main.INFO: Стоимость корпуса {"cost_case":null} []
[2019-03-14 12:01:44] main.INFO: Выбор материнской платы {"motherboard":null} []
[2019-03-14 12:01:44] main.INFO: Стоимость материнской платы {"cost_mb":null} []
[2019-03-14 12:01:44] main.INFO: Выбор процессора {"cpu":null} []
[2019-03-14 12:01:44] main.INFO: Стоимость процессора {"cost_cpu":null} []
[2019-03-14 12:01:44] main.INFO: Выбор оперативной памяти {"ram":null} []
[2019-03-14 12:01:44] main.INFO: Стоимость оперативной памяти {"cost_ram":null} []
[2019-03-14 12:01:44] main.INFO: Выбор жесткого диска {"hdd":null} []
[2019-03-14 12:01:44] main.INFO: Стоимость жесткого диска {"cost_hdd":null} []
[2019-03-14 12:01:44] main.INFO: Вычисление общей стоимости {"sum":null} []
[2019-03-14 12:05:30] main.INFO: Выбор корпуса {"comp_case":null} []
[2019-03-14 12:05:30] main.INFO: Стоимость корпуса {"cost_case":null} []
[2019-03-14 12:05:30] main.INFO: Выбор материнской платы {"motherboard":null} []
[2019-03-14 12:05:30] main.INFO: Стоимость материнской платы {"cost_mb":null} []
[2019-03-14 12:05:30] main.INFO: Выбор процессора {"cpu":null} []
[2019-03-14 12:05:30] main.INFO: Стоимость процессора {"cost_cpu":null} []
[2019-03-14 12:05:30] main.INFO: Выбор оперативной памяти {"ram":null} []
[2019-03-14 12:05:30] main.INFO: Стоимость оперативной памяти {"cost_ram":null} []
[2019-03-14 12:05:30] main.INFO: Выбор жесткого диска {"hdd":null} []
[2019-03-14 12:05:30] main.INFO: Стоимость жесткого диска {"cost_hdd":null} []
[2019-03-14 12:05:30] main.INFO: Вычисление общей стоимости {"sum":null} []
[2019-03-14 12:05:43] main.INFO: Выбор корпуса {"comp_case":null} []
[2019-03-14 12:05:43] main.INFO: Стоимость корпуса {"cost_case":null} []
[2019-03-14 12:05:43] main.INFO: Выбор материнской платы {"motherboard":null} []
[2019-03-14 12:05:43] main.INFO: Стоимость материнской платы {"cost_mb":null} []
[2019-03-14 12:05:43] main.INFO: Выбор процессора {"cpu":null} []
[2019-03-14 12:05:43] main.INFO: Стоимость процессора {"cost_cpu":null} []
[2019-03-14 12:05:43] main.INFO: Выбор оперативной памяти {"ram":null} []
[2019-03-14 12:05:43] main.INFO: Стоимость оперативной памяти {"cost_ram":null} []
[2019-03-14 12:05:43] main.INFO: Выбор жесткого диска {"hdd":null} []
[2019-03-14 12:05:43] main.INFO: Стоимость жесткого диска {"cost_hdd":null} []
[2019-03-14 12:05:43] main.INFO: Вычисление общей стоимости {"sum":null} []
[2019-03-14 12:45:36] main.INFO: Выбор корпуса {"comp_case":null} []
[2019-03-14 12:45:36] main.INFO: Стоимость корпуса {"cost_case":null} []
[2019-03-14 12:45:36] main.INFO: Выбор материнской платы {"motherboard":null} []
[2019-03-14 12:45:36] main.INFO: Стоимость материнской платы {"cost_mb":null} []
[2019-03-14 12:45:36] main.INFO: Выбор процессора {"cpu":null} []
[2019-03-14 12:45:36] main.INFO: Стоимость процессора {"cost_cpu":null} []
[2019-03-14 12:45:36] main.INFO: Выбор оперативной памяти {"ram":null} []
[2019-03-14 12:45:36] main.INFO: Стоимость оперативной памяти {"cost_ram":null} []
[2019-03-14 12:45:36] main.INFO: Выбор жесткого диска {"hdd":null} []
[2019-03-14 12:45:36] main.INFO: Стоимость жесткого диска {"cost_hdd":null} []
[2019-03-14 12:45:36] main.INFO: Вычисление общей стоимости {"sum":null} []
[2019-03-14 12:45:43] main.INFO: Выбор корпуса {"comp_case":null} []
[2019-03-14 12:45:43] main.INFO: Стоимость корпуса {"cost_case":null} []
[2019-03-14 12:45:43] main.INFO: Выбор материнской платы {"motherboard":null} []
[2019-03-14 12:45:43] main.INFO: Стоимость материнской платы {"cost_mb":null} []
[2019-03-14 12:45:43] main.INFO: Выбор процессора {"cpu":null} []
[2019-03-14 12:45:43] main.INFO: Стоимость процессора {"cost_cpu":null} []
[2019-03-14 12:45:43] main.INFO: Выбор оперативной памяти {"ram":null} []
[2019-03-14 12:45:43] main.INFO: Стоимость оперативной памяти {"cost_ram":null} []
[2019-03-14 12:45:43] main.INFO: Выбор жесткого диска {"hdd":null} []
[2019-03-14 12:45:43] main.INFO: Стоимость жесткого диска {"cost_hdd":null} []
[2019-03-14 12:45:43] main.INFO: Вычисление общей стоимости {"sum":null} []
[2019-03-14 12:45:59] main.INFO: Выбор корпуса {"comp_case":null} []
[2019-03-14 12:45:59] main.INFO: Стоимость корпуса {"cost_case":null} []
[2019-03-14 12:45:59] main.INFO: Выбор материнской платы {"motherboard":null} []
[2019-03-14 12:45:59] main.INFO: Стоимость материнской платы {"cost_mb":null} []
[2019-03-14 12:45:59] main.INFO: Выбор процессора {"cpu":null} []
[2019-03-14 12:45:59] main.INFO: Стоимость процессора {"cost_cpu":null} []
[2019-03-14 12:45:59] main.INFO: Выбор оперативной памяти {"ram":null} []
[2019-03-14 12:45:59] main.INFO: Стоимость оперативной памяти {"cost_ram":null} []
[2019-03-14 12:45:59] main.INFO: Выбор жесткого диска {"hdd":null} []
[2019-03-14 12:45:59] main.INFO: Стоимость жесткого диска {"cost_hdd":null} []
[2019-03-14 12:45:59] main.INFO: Вычисление общей стоимости {"sum":null} []
[2019-03-14 12:46:18] main.INFO: Выбор корпуса {"comp_case":null} []
[2019-03-14 12:46:18] main.INFO: Стоимость корпуса {"cost_case":null} []
[2019-03-14 12:46:18] main.INFO: Выбор материнской платы {"motherboard":null} []
[2019-03-14 12:46:18] main.INFO: Стоимость материнской платы {"cost_mb":null} []
[2019-03-14 12:46:18] main.INFO: Выбор процессора {"cpu":null} []
[2019-03-14 12:46:18] main.INFO: Стоимость процессора {"cost_cpu":null} []
[2019-03-14 12:46:18] main.INFO: Выбор оперативной памяти {"ram":null} []
[2019-03-14 12:46:18] main.INFO: Стоимость оперативной памяти {"cost_ram":null} []
[2019-03-14 12:46:18] main.INFO: Выбор жесткого диска {"hdd":null} []
[2019-03-14 12:46:18] main.INFO: Стоимость жесткого диска {"cost_hdd":null} []
[2019-03-14 12:46:18] main.INFO: Вычисление общей стоимости {"sum":null} []
[2019-03-14 12:47:37] main.INFO: Выбор корпуса {"comp_case":null} []
[2019-03-14 12:47:37] main.INFO: Стоимость корпуса {"cost_case":null} []
[2019-03-14 12:47:37] main.INFO: Выбор материнской платы {"motherboard":null} []
[2019-03-14 12:47:37] main.INFO: Стоимость материнской платы {"cost_mb":null} []
[2019-03-14 12:47:37] main.INFO: Выбор процессора {"cpu":null} []
[2019-03-14 12:47:37] main.INFO: Стоимость процессора {"cost_cpu":null} []
[2019-03-14 12:47:37] main.INFO: Выбор оперативной памяти {"ram":null} []
[2019-03-14 12:47:37] main.INFO: Стоимость оперативной памяти {"cost_ram":null} []
[2019-03-14 12:47:37] main.INFO: Выбор жесткого диска {"hdd":null} []
[2019-03-14 12:47:37] main.INFO: Стоимость жесткого диска {"cost_hdd":null} []
[2019-03-14 12:47:37] main.INFO: Вычисление общей стоимости {"sum":null} []
[2019-03-14 12:47:52] main.INFO: Выбор корпуса {"comp_case":null} []
[2019-03-14 12:47:52] main.INFO: Стоимость корпуса {"cost_case":null} []
[2019-03-14 12:47:52] main.INFO: Выбор материнской платы {"motherboard":null} []
[2019-03-14 12:47:52] main.INFO: Стоимость материнской платы {"cost_mb":null} []
[2019-03-14 12:47:52] main.INFO: Выбор процессора {"cpu":null} []
[2019-03-14 12:47:52] main.INFO: Стоимость процессора {"cost_cpu":null} []
[2019-03-14 12:47:52] main.INFO: Выбор оперативной памяти {"ram":null} []
[2019-03-14 12:47:52] main.INFO: Стоимость оперативной памяти {"cost_ram":null} []
[2019-03-14 12:47:52] main.INFO: Выбор жесткого диска {"hdd":null} []
[2019-03-14 12:47:52] main.INFO: Стоимость жесткого диска {"cost_hdd":null} []
[2019-03-14 12:47:52] main.INFO: Вычисление общей стоимости {"sum":null} []
[2019-03-14 12:49:44] main.INFO: Выбор корпуса {"comp_case":null} []
[2019-03-14 12:49:44] main.INFO: Стоимость корпуса {"cost_case":null} []
[2019-03-14 12:49:44] main.INFO: Выбор материнской платы {"motherboard":null} []
[2019-03-14 12:49:44] main.INFO: Стоимость материнской платы {"cost_mb":null} []
[2019-03-14 12:49:44] main.INFO: Выбор процессора {"cpu":null} []
[2019-03-14 12:49:44] main.INFO: Стоимость процессора {"cost_cpu":null} []
[2019-03-14 12:49:44] main.INFO: Выбор оперативной памяти {"ram":null} []
[2019-03-14 12:49:44] main.INFO: Стоимость оперативной памяти {"cost_ram":null} []
[2019-03-14 12:49:44] main.INFO: Выбор жесткого диска {"hdd":null} []
[2019-03-14 12:49:44] main.INFO: Стоимость жесткого диска {"cost_hdd":null} []
[2019-03-14 12:49:44] main.INFO: Вычисление общей стоимости {"sum":null} []
[2019-03-14 12:56:03] main.INFO: Выбор корпуса {"comp_case":null} []
[2019-03-14 12:56:03] main.INFO: Стоимость корпуса {"cost_case":null} []
[2019-03-14 12:56:03] main.INFO: Выбор материнской платы {"motherboard":null} []
[2019-03-14 12:56:03] main.INFO: Стоимость материнской платы {"cost_mb":null} []
[2019-03-14 12:56:03] main.INFO: Выбор процессора {"cpu":null} []
[2019-03-14 12:56:03] main.INFO: Стоимость процессора {"cost_cpu":null} []
[2019-03-14 12:56:03] main.INFO: Выбор оперативной памяти {"ram":null} []
[2019-03-14 12:56:03] main.INFO: Стоимость оперативной памяти {"cost_ram":null} []
[2019-03-14 12:56:03] main.INFO: Выбор жесткого диска {"hdd":null} []
[2019-03-14 12:56:03] main.INFO: Стоимость жесткого диска {"cost_hdd":null} []
[2019-03-14 12:56:03] main.INFO: Вычисление общей стоимости {"sum":null} []
[2019-03-14 12:56:14] main.INFO: Выбор корпуса {"comp_case":null} []
[2019-03-14 12:56:14] main.INFO: Стоимость корпуса {"cost_case":null} []
[2019-03-14 12:56:14] main.INFO: Выбор материнской платы {"motherboard":null} []
[2019-03-14 12:56:14] main.INFO: Стоимость материнской платы {"cost_mb":null} []
[2019-03-14 12:56:14] main.INFO: Выбор процессора {"cpu":null} []
[2019-03-14 12:56:14] main.INFO: Стоимость процессора {"cost_cpu":null} []
[2019-03-14 12:56:14] main.INFO: Выбор оперативной памяти {"ram":null} []
[2019-03-14 12:56:14] main.INFO: Стоимость оперативной памяти {"cost_ram":null} []
[2019-03-14 12:56:14] main.INFO: Выбор жесткого диска {"hdd":null} []
[2019-03-14 12:56:14] main.INFO: Стоимость жесткого диска {"cost_hdd":null} []
[2019-03-14 12:56:14] main.INFO: Вычисление общей стоимости {"sum":null} []
[2019-03-14 13:22:02] main.INFO: Выбор корпуса {"comp_case":null} []
[2019-03-14 13:22:02] main.INFO: Стоимость корпуса {"cost_case":null} []
[2019-03-14 13:22:02] main.INFO: Выбор материнской платы {"motherboard":null} []
[2019-03-14 13:22:02] main.INFO: Стоимость материнской платы {"cost_mb":null} []
[2019-03-14 13:22:02] main.INFO: Выбор процессора {"cpu":null} []
[2019-03-14 13:22:02] main.INFO: Стоимость процессора {"cost_cpu":null} []
[2019-03-14 13:22:02] main.INFO: Выбор оперативной памяти {"ram":null} []
[2019-03-14 13:22:02] main.INFO: Стоимость оперативной памяти {"cost_ram":null} []
[2019-03-14 13:22:02] main.INFO: Выбор жесткого диска {"hdd":null} []
[2019-03-14 13:22:02] main.INFO: Стоимость жесткого диска {"cost_hdd":null} []
[2019-03-14 13:22:02] main.INFO: Вычисление общей стоимости {"sum":null} []
[2019-03-14 13:23:12] main.INFO: Выбор корпуса {"comp_case":null} []
[2019-03-14 13:23:12] main.INFO: Стоимость корпуса {"cost_case":null} []
[2019-03-14 13:23:12] main.INFO: Выбор материнской платы {"motherboard":null} []
[2019-03-14 13:23:12] main.INFO: Стоимость материнской платы {"cost_mb":null} []
[2019-03-14 13:23:12] main.INFO: Выбор процессора {"cpu":null} []
[2019-03-14 13:23:12] main.INFO: Стоимость процессора {"cost_cpu":null} []
[2019-03-14 13:23:12] main.INFO: Выбор оперативной памяти {"ram":null} []
[2019-03-14 13:23:12] main.INFO: Стоимость оперативной памяти {"cost_ram":null} []
[2019-03-14 13:23:12] main.INFO: Выбор жесткого диска {"hdd":null} []
[2019-03-14 13:23:12] main.INFO: Стоимость жесткого диска {"cost_hdd":null} []
[2019-03-14 13:23:12] main.INFO: Вычисление общей стоимости {"sum":null} []
[2019-03-14 13:23:53] main.INFO: Выбор корпуса {"comp_case":null} []
[2019-03-14 13:23:53] main.INFO: Стоимость корпуса {"cost_case":null} []
[2019-03-14 13:23:53] main.INFO: Выбор материнской платы {"motherboard":null} []
[2019-03-14 13:23:53] main.INFO: Стоимость материнской платы {"cost_mb":null} []
[2019-03-14 13:23:53] main.INFO: Выбор процессора {"cpu":null} []
[2019-03-14 13:23:53] main.INFO: Стоимость процессора {"cost_cpu":null} []
[2019-03-14 13:23:53] main.INFO: Выбор оперативной памяти {"ram":null} []
[2019-03-14 13:23:53] main.INFO: Стоимость оперативной памяти {"cost_ram":null} []
[2019-03-14 13:23:53] main.INFO: Выбор жесткого диска {"hdd":null} []
[2019-03-14 13:23:53] main.INFO: Стоимость жесткого диска {"cost_hdd":null} []
[2019-03-14 13:23:53] main.INFO: Вычисление общей стоимости {"sum":null} []
[2019-03-14 13:24:16] main.INFO: Выбор корпуса {"comp_case":null} []
[2019-03-14 13:24:16] main.INFO: Стоимость корпуса {"cost_case":null} []
[2019-03-14 13:24:16] main.INFO: Выбор материнской платы {"motherboard":null} []
[2019-03-14 13:24:16] main.INFO: Стоимость материнской платы {"cost_mb":null} []
[2019-03-14 13:24:16] main.INFO: Выбор процессора {"cpu":null} []
[2019-03-14 13:24:16] main.INFO: Стоимость процессора {"cost_cpu":null} []
[2019-03-14 13:24:16] main.INFO: Выбор оперативной памяти {"ram":null} []
[2019-03-14 13:24:16] main.INFO: Стоимость оперативной памяти {"cost_ram":null} []
[2019-03-14 13:24:16] main.INFO: Выбор жесткого диска {"hdd":null} []
[2019-03-14 13:24:16] main.INFO: Стоимость жесткого диска {"cost_hdd":null} []
[2019-03-14 13:24:16] main.INFO: Вычисление общей стоимости {"sum":null} []
[2019-03-14 13:28:33] main.INFO: Выбор корпуса {"comp_case":null} []
[2019-03-14 13:28:33] main.INFO: Стоимость корпуса {"cost_case":null} []
[2019-03-14 13:28:33] main.INFO: Выбор материнской платы {"motherboard":null} []
[2019-03-14 13:28:33] main.INFO: Стоимость материнской платы {"cost_mb":null} []
[2019-03-14 13:28:33] main.INFO: Выбор процессора {"cpu":null} []
[2019-03-14 13:28:33] main.INFO: Стоимость процессора {"cost_cpu":null} []
[2019-03-14 13:28:33] main.INFO: Выбор оперативной памяти {"ram":null} []
[2019-03-14 13:28:33] main.INFO: Стоимость оперативной памяти {"cost_ram":null} []
[2019-03-14 13:28:33] main.INFO: Выбор жесткого диска {"hdd":null} []
[2019-03-14 13:28:33] main.INFO: Стоимость жесткого диска {"cost_hdd":null} []
[2019-03-14 13:28:33] main.INFO: Вычисление общей стоимости {"sum":null} []
[2019-03-14 13:28:41] main.INFO: Выбор корпуса {"comp_case":null} []
[2019-03-14 13:28:41] main.INFO: Стоимость корпуса {"cost_case":null} []
[2019-03-14 13:28:41] main.INFO: Выбор материнской платы {"motherboard":null} []
[2019-03-14 13:28:41] main.INFO: Стоимость материнской платы {"cost_mb":null} []
[2019-03-14 13:28:41] main.INFO: Выбор процессора {"cpu":null} []
[2019-03-14 13:28:41] main.INFO: Стоимость процессора {"cost_cpu":null} []
[2019-03-14 13:28:41] main.INFO: Выбор оперативной памяти {"ram":null} []
[2019-03-14 13:28:41] main.INFO: Стоимость оперативной памяти {"cost_ram":null} []
[2019-03-14 13:28:41] main.INFO: Выбор жесткого диска {"hdd":null} []
[2019-03-14 13:28:41] main.INFO: Стоимость жесткого диска {"cost_hdd":null} []
[2019-03-14 13:28:41] main.INFO: Вычисление общей стоимости {"sum":null} []
[2019-03-14 13:29:41] main.INFO: Выбор корпуса {"comp_case":null} []
[2019-03-14 13:29:41] main.INFO: Стоимость корпуса {"cost_case":null} []
[2019-03-14 13:29:41] main.INFO: Выбор материнской платы {"motherboard":null} []
[2019-03-14 13:29:41] main.INFO: Стоимость материнской платы {"cost_mb":null} []
[2019-03-14 13:29:41] main.INFO: Выбор процессора {"cpu":null} []
[2019-03-14 13:29:41] main.INFO: Стоимость процессора {"cost_cpu":null} []
[2019-03-14 13:29:41] main.INFO: Выбор оперативной памяти {"ram":null} []
[2019-03-14 13:29:41] main.INFO: Стоимость оперативной памяти {"cost_ram":null} []
[2019-03-14 13:29:41] main.INFO: Выбор жесткого диска {"hdd":null} []
[2019-03-14 13:29:41] main.INFO: Стоимость жесткого диска {"cost_hdd":null} []
[2019-03-14 13:29:41] main.INFO: Вычисление общей стоимости {"sum":null} []
[2019-03-14 13:34:24] main.INFO: Выбор корпуса {"comp_case":null} []
[2019-03-14 13:34:24] main.INFO: Стоимость корпуса {"cost_case":null} []
[2019-03-14 13:34:24] main.INFO: Выбор материнской платы {"motherboard":null} []
[2019-03-14 13:34:24] main.INFO: Стоимость материнской платы {"cost_mb":null} []
[2019-03-14 13:34:24] main.INFO: Выбор процессора {"cpu":null} []
[2019-03-14 13:34:24] main.INFO: Стоимость процессора {"cost_cpu":null} []
[2019-03-14 13:34:24] main.INFO: Выбор оперативной памяти {"ram":null} []
[2019-03-14 13:34:24] main.INFO: Стоимость оперативной памяти {"cost_ram":null} []
[2019-03-14 13:34:24] main.INFO: Выбор жесткого диска {"hdd":null} []
[2019-03-14 13:34:24] main.INFO: Стоимость жесткого диска {"cost_hdd":null} []
[2019-03-14 13:34:24] main.INFO: Вычисление общей стоимости {"sum":null} []
[2019-03-14 13:35:29] main.INFO: Выбор корпуса {"comp_case":null} []
[2019-03-14 13:35:29] main.INFO: Стоимость корпуса {"cost_case":null} []
[2019-03-14 13:35:29] main.INFO: Выбор материнской платы {"motherboard":null} []
[2019-03-14 13:35:29] main.INFO: Стоимость материнской платы {"cost_mb":null} []
[2019-03-14 13:35:29] main.INFO: Выбор процессора {"cpu":null} []
[2019-03-14 13:35:29] main.INFO: Стоимость процессора {"cost_cpu":null} []
[2019-03-14 13:35:29] main.INFO: Выбор оперативной памяти {"ram":null} []
[2019-03-14 13:35:29] main.INFO: Стоимость оперативной памяти {"cost_ram":null} []
[2019-03-14 13:35:29] main.INFO: Выбор жесткого диска {"hdd":null} []
[2019-03-14 13:35:29] main.INFO: Стоимость жесткого диска {"cost_hdd":null} []
[2019-03-14 13:35:29] main.INFO: Вычисление общей стоимости {"sum":null} []
[2019-03-14 13:35:48] main.INFO: Выбор корпуса {"comp_case":null} []
[2019-03-14 13:35:48] main.INFO: Стоимость корпуса {"cost_case":null} []
[2019-03-14 13:35:48] main.INFO: Выбор материнской платы {"motherboard":null} []
[2019-03-14 13:35:48] main.INFO: Стоимость материнской платы {"cost_mb":null} []
[2019-03-14 13:35:48] main.INFO: Выбор процессора {"cpu":null} []
[2019-03-14 13:35:48] main.INFO: Стоимость процессора {"cost_cpu":null} []
[2019-03-14 13:35:48] main.INFO: Выбор оперативной памяти {"ram":null} []
[2019-03-14 13:35:48] main.INFO: Стоимость оперативной памяти {"cost_ram":null} []
[2019-03-14 13:35:48] main.INFO: Выбор жесткого диска {"hdd":null} []
[2019-03-14 13:35:48] main.INFO: Стоимость жесткого диска {"cost_hdd":null} []
[2019-03-14 13:35:48] main.INFO: Вычисление общей стоимости {"sum":null} []
[2019-03-14 13:36:05] main.INFO: Выбор корпуса {"comp_case":null} []
[2019-03-14 13:36:05] main.INFO: Стоимость корпуса {"cost_case":null} []
[2019-03-14 13:36:05] main.INFO: Выбор материнской платы {"motherboard":null} []
[2019-03-14 13:36:05] main.INFO: Стоимость материнской платы {"cost_mb":null} []
[2019-03-14 13:36:05] main.INFO: Выбор процессора {"cpu":null} []
[2019-03-14 13:36:05] main.INFO: Стоимость процессора {"cost_cpu":null} []
[2019-03-14 13:36:05] main.INFO: Выбор оперативной памяти {"ram":null} []
[2019-03-14 13:36:05] main.INFO: Стоимость оперативной памяти {"cost_ram":null} []
[2019-03-14 13:36:05] main.INFO: Выбор жесткого диска {"hdd":null} []
[2019-03-14 13:36:05] main.INFO: Стоимость жесткого диска {"cost_hdd":null} []
[2019-03-14 13:36:05] main.INFO: Вычисление общей стоимости {"sum":null} []
